{"contracts/BookLibrary.sol":{"l":{"26":12,"27":12,"28":12,"29":12,"30":12,"32":12,"36":7,"37":6,"39":6,"40":6,"41":6,"42":6,"44":6,"48":2,"50":1,"51":1,"53":1,"57":9,"58":9,"59":8,"61":8,"62":7,"66":9,"67":2,"70":7,"71":7,"72":7,"73":7,"75":7,"76":7,"77":7,"81":7,"85":2,"86":2,"90":24,"94":14,"95":14,"99":12,"100":12,"101":12,"102":12},"path":"/Users/kristiyandimitrov/Development/GitHub/book-library-smartcontracts/contracts/BookLibrary.sol","s":{"1":12,"2":12,"3":12,"4":12,"5":12,"6":12,"7":7,"8":6,"9":6,"10":6,"11":6,"12":6,"13":2,"14":1,"15":1,"16":9,"17":9,"18":8,"19":8,"20":9,"21":2,"22":7,"23":7,"24":7,"25":7,"26":7,"27":7,"28":7,"29":2,"30":2,"31":24,"32":14,"33":14,"34":12,"35":12,"36":12},"b":{"1":[6,1],"2":[6,0],"3":[1,1],"4":[7,1],"5":[2,7],"6":[7,0],"7":[2,0],"8":[12,0],"9":[12,0],"10":[12,0]},"f":{"1":12,"2":7,"3":2,"4":9,"5":2,"6":24,"7":14,"8":12},"fnMap":{"1":{"name":"addBook","line":25,"loc":{"start":{"line":25,"column":4},"end":{"line":33,"column":4}}},"2":{"name":"borrowBook","line":35,"loc":{"start":{"line":35,"column":4},"end":{"line":45,"column":4}}},"3":{"name":"returnBook","line":47,"loc":{"start":{"line":47,"column":4},"end":{"line":54,"column":4}}},"4":{"name":"getAvailableBooks","line":56,"loc":{"start":{"line":56,"column":4},"end":{"line":82,"column":4}}},"5":{"name":"getBookBorrowers","line":84,"loc":{"start":{"line":84,"column":4},"end":{"line":87,"column":4}}},"6":{"name":"_getId","line":89,"loc":{"start":{"line":89,"column":4},"end":{"line":91,"column":4}}},"7":{"name":"_checkBookExists","line":93,"loc":{"start":{"line":93,"column":4},"end":{"line":96,"column":4}}},"8":{"name":"validateInputs","line":98,"loc":{"start":{"line":98,"column":4},"end":{"line":103,"column":4}}}},"statementMap":{"1":{"start":{"line":26,"column":8},"end":{"line":26,"column":38}},"2":{"start":{"line":27,"column":8},"end":{"line":27,"column":39}},"3":{"start":{"line":28,"column":8},"end":{"line":28,"column":82}},"4":{"start":{"line":29,"column":8},"end":{"line":29,"column":27}},"5":{"start":{"line":30,"column":8},"end":{"line":30,"column":30}},"6":{"start":{"line":32,"column":8},"end":{"line":32,"column":55}},"7":{"start":{"line":36,"column":8},"end":{"line":36,"column":104}},"8":{"start":{"line":37,"column":8},"end":{"line":37,"column":85}},"9":{"start":{"line":39,"column":8},"end":{"line":39,"column":50}},"10":{"start":{"line":41,"column":8},"end":{"line":41,"column":57}},"11":{"start":{"line":42,"column":8},"end":{"line":42,"column":54}},"12":{"start":{"line":44,"column":8},"end":{"line":44,"column":46}},"13":{"start":{"line":48,"column":8},"end":{"line":48,"column":100}},"14":{"start":{"line":51,"column":8},"end":{"line":51,"column":55}},"15":{"start":{"line":53,"column":8},"end":{"line":53,"column":46}},"16":{"start":{"line":57,"column":8},"end":{"line":57,"column":36}},"17":{"start":{"line":58,"column":8},"end":{"line":58,"column":2087}},"18":{"start":{"line":59,"column":12},"end":{"line":59,"column":39}},"19":{"start":{"line":61,"column":12},"end":{"line":61,"column":2189}},"20":{"start":{"line":66,"column":8},"end":{"line":66,"column":2297}},"21":{"start":{"line":67,"column":12},"end":{"line":67,"column":32}},"22":{"start":{"line":70,"column":8},"end":{"line":70,"column":70}},"23":{"start":{"line":71,"column":8},"end":{"line":71,"column":18}},"24":{"start":{"line":72,"column":8},"end":{"line":72,"column":2473}},"25":{"start":{"line":73,"column":12},"end":{"line":73,"column":39}},"26":{"start":{"line":75,"column":12},"end":{"line":75,"column":2575}},"27":{"start":{"line":76,"column":16},"end":{"line":76,"column":48}},"28":{"start":{"line":81,"column":8},"end":{"line":81,"column":29}},"29":{"start":{"line":85,"column":8},"end":{"line":85,"column":65}},"30":{"start":{"line":86,"column":8},"end":{"line":86,"column":50}},"31":{"start":{"line":90,"column":8},"end":{"line":90,"column":50}},"32":{"start":{"line":94,"column":8},"end":{"line":94,"column":45}},"33":{"start":{"line":95,"column":8},"end":{"line":95,"column":52}},"34":{"start":{"line":99,"column":8},"end":{"line":99,"column":70}},"35":{"start":{"line":100,"column":8},"end":{"line":100,"column":80}},"36":{"start":{"line":101,"column":8},"end":{"line":101,"column":71}}},"branchMap":{"1":{"line":36,"type":"if","locations":[{"start":{"line":36,"column":8},"end":{"line":36,"column":8}},{"start":{"line":36,"column":8},"end":{"line":36,"column":8}}]},"2":{"line":37,"type":"if","locations":[{"start":{"line":37,"column":8},"end":{"line":37,"column":8}},{"start":{"line":37,"column":8},"end":{"line":37,"column":8}}]},"3":{"line":48,"type":"if","locations":[{"start":{"line":48,"column":8},"end":{"line":48,"column":8}},{"start":{"line":48,"column":8},"end":{"line":48,"column":8}}]},"4":{"line":61,"type":"if","locations":[{"start":{"line":61,"column":12},"end":{"line":61,"column":12}},{"start":{"line":61,"column":12},"end":{"line":61,"column":12}}]},"5":{"line":66,"type":"if","locations":[{"start":{"line":66,"column":8},"end":{"line":66,"column":8}},{"start":{"line":66,"column":8},"end":{"line":66,"column":8}}]},"6":{"line":75,"type":"if","locations":[{"start":{"line":75,"column":12},"end":{"line":75,"column":12}},{"start":{"line":75,"column":12},"end":{"line":75,"column":12}}]},"7":{"line":85,"type":"if","locations":[{"start":{"line":85,"column":8},"end":{"line":85,"column":8}},{"start":{"line":85,"column":8},"end":{"line":85,"column":8}}]},"8":{"line":99,"type":"if","locations":[{"start":{"line":99,"column":8},"end":{"line":99,"column":8}},{"start":{"line":99,"column":8},"end":{"line":99,"column":8}}]},"9":{"line":100,"type":"if","locations":[{"start":{"line":100,"column":8},"end":{"line":100,"column":8}},{"start":{"line":100,"column":8},"end":{"line":100,"column":8}}]},"10":{"line":101,"type":"if","locations":[{"start":{"line":101,"column":8},"end":{"line":101,"column":8}},{"start":{"line":101,"column":8},"end":{"line":101,"column":8}}]}}}}